total 597228488
-rw-r--r--@  1 daniellebarker  staff    374509568 Oct 29 22:10 2boutovalflux1_1400steps_lora_f16.ckpt
-rw-------@  1 daniellebarker  staff   1615904768 Nov  3 20:23 360_degree__dev__lora_f16.ckpt
-rw-r--r--@  1 daniellebarker  staff    808054784 Dec 11 20:44 3d_figure_v1_000003120_lora_f16.ckpt
-rw-r--r--@  1 daniellebarker  staff    234528768 Nov 19 21:28 3dmm_flux_v13_lora_f16.ckpt
-rw-r--r--@  1 daniellebarker  staff    234532864 Nov 19 21:28 3dmm_xl_v13_lora_f16.ckpt
-rw-r--r--@  1 daniellebarker  staff       217695 Sep 28 00:52 960x1280_8d7036d8a350664af2bdb52abf0fd12f.jpg
-rw-r--r--@  1 daniellebarker  staff        16384 Sep 22 22:46 Belle delphine 
-rw-r--r--@  1 daniellebarker  staff        32768 Sep 22 22:46 Belle delphine -shm
-rw-r--r--@  1 daniellebarker  staff      9569173 Sep 22 20:17 BelleDelphineNewV4.safetensors
-rw-r--r--@  1 daniellebarker  staff        16384 Oct  7 10:59 Carterkuiper
-rw-r--r--@  1 daniellebarker  staff        32768 Oct  7 10:59 Carterkuiper-shm
-rw-r--r--@  1 daniellebarker  staff        16384 Sep 16 10:14 DaniLora
-rw-r--r--@  1 daniellebarker  staff        32768 Sep 16 10:14 DaniLora-shm
-rw-r--r--@  1 daniellebarker  staff        16384 Sep 28 00:04 Dejb1sdxl
-rw-r--r--@  1 daniellebarker  staff        32768 Sep 28 00:04 Dejb1sdxl-shm
-rw-r--r--@  1 daniellebarker  staff      6050313 Sep 28 00:16 IPA.mp4
-rw-r--r--@  1 daniellebarker  staff        16384 Sep 20 18:05 SpiderMike
-rw-r--r--@  1 daniellebarker  staff        32768 Sep 20 18:05 SpiderMike-shm
-rw-r--r--@  1 daniellebarker  staff        16384 Sep 22 18:03 Tinker bell
-rw-r--r--@  1 daniellebarker  staff        32768 Sep 22 18:03 Tinker bell-shm
-rw-r--r--@  1 daniellebarker  staff        16384 Sep 21 09:45 Velo
-rw-r--r--@  1 daniellebarker  staff        16384 Sep 21 06:54 Velo      
-rw-r--r--@  1 daniellebarker  staff        32768 Sep 21 06:54 Velo      -shm
-rw-r--r--@  1 daniellebarker  staff        32768 Sep 21 09:45 Velo-shm
-rw-r--r--@  1 daniellebarker  staff     90046464 Dec 11 21:39 actionfigurequiron_flux_000001_lora_f16.ckpt
-rw-------@  1 daniellebarker  staff        24576 Nov 22 17:18 actionhelper_ti_f16.ckpt
-rw-------@  1 daniellebarker  staff     10010624 Sep 12 01:25 add_more_details__detail_enhancer___tweaker__lora_f16.ckpt
-rw-r--r--@  1 daniellebarker  staff     26116096 Oct  4 06:39 aesthetic_amateur_photo_v4_beta_2_lora_f16.ckpt
-rw-r--r--@  1 daniellebarker  staff     26120192 Oct 29 22:09 aesthetically_pleasant_nude_flux_by_sarcastic_tofu_lora_f16.ckpt
-rw-r--r--@  1 daniellebarker  staff    202620928 Oct  5 03:42 ahegaov3tongueoutcross_fluxv10_lora_f16.ckpt
-rw-r--r--@  1 daniellebarker  staff    202620928 Nov 19 21:27 alice_in_wonderland_flux_dev._lora_lora_f16.ckpt
-rw-r--r--@  1 daniellebarker  staff         4096 Nov 19 21:27 alice_in_wonderland_xl._lora_lora_f16.ckpt
-rw-r--r--   1 daniellebarker  staff            0 Dec 28 22:45 all.output
-rw-------@  1 daniellebarker  staff    404430848 Oct 14 02:31 amateur_photography_v3.5__dev__lora_f16.ckpt
-rw-r--r--@  1 daniellebarker  staff    140681216 Oct  4 10:06 anatomy_fineart_nudity_by_caith_lora_f16.ckpt
-rw-------@  1 daniellebarker  staff   1376313344 Dec  3 11:02 animatelcm_svd_xt_v1.1_q6p_q8p.ckpt
-rw-------@  1 daniellebarker  staff        24576 Nov 22 17:18 animescreencap_ti_f16.ckpt
-rw-------@  1 daniellebarker  staff    808058880 Dec  6 17:32 antiblur_v1.0__dev__lora_f16.ckpt
-rw-r--r--@  1 daniellebarker  staff    808054784 Oct 31 14:13 anus_lora_f16.ckpt
-rw-------@  1 daniellebarker  staff    138993664 Oct 14 02:55 arcface_f16.ckpt
-rw-r--r--@  1 daniellebarker  staff     26116096 Oct  5 02:14 ass_fisting_lora_f16.ckpt
-rw-------@  1 daniellebarker  staff   7092285440 Dec  3 17:01 auraflow_v0.2_q8p.ckpt
-rw-r--r--@  1 daniellebarker  staff     26116096 Nov 21 18:11 autofellatio_lora_f16.ckpt
-rw-------@  1 daniellebarker  staff        24576 Aug 16 12:04 bad_prompt_v2_ti_f16.ckpt
-rw-r--r--@  1 daniellebarker  staff     51326976 Dec 27 05:15 badchar_flux_v2_lora_f16.ckpt
-rw-r--r--@  1 daniellebarker  staff        16384 Sep 23 00:38 belle delphine
-rw-r--r--@  1 daniellebarker  staff        32768 Sep 23 00:38 belle delphine-shm
-rw-r--r--@  1 daniellebarker  staff    158781440 Sep 22 23:14 belle_delphine_2000_lora_f32.ckpt
-rw-------@  1 daniellebarker  staff        27150 Oct  5 13:57 belle_delphine_3500_lora_f32.ckpt
-rw-r--r--@  1 daniellebarker  staff    137453568 Sep 22 22:34 belle_delphine__1500_lora_f32.ckpt
-rw-r--r--@  1 daniellebarker  staff    137453568 Sep 22 22:46 belle_delphine__1750_lora_f32.ckpt
-rw-r--r--@  1 daniellebarker  staff     10006528 Sep 22 20:19 belledelphinenewv4_lora_f16.ckpt
-rw-r--r--@  1 daniellebarker  staff    202620928 Dec 11 21:39 better_butts_lora_f16.ckpt
-rw-r--r--@  1 daniellebarker  staff     51331072 Oct  5 02:16 better_mouth_and_teeth_lora_f16.ckpt
-rw-------@  1 daniellebarker  staff        12288 Aug 16 12:04 birb_style_ti_f16.ckpt
-rw-------@  1 daniellebarker  staff   1019551744 Dec 25 02:07 blip2_eva_vit_q8p.ckpt
-rw-------@  1 daniellebarker  staff    214667264 Dec 25 02:08 blip2_qformer_f16.ckpt
-rw-r--r--@  1 daniellebarker  staff         4096 Dec 27 03:52 boobsshakeanimatediff_v10_lora_f16.ckpt
-rw-------@  1 daniellebarker  staff        20480 Nov 22 17:18 carhelper_ti_f16.ckpt
-rw-r--r--@  1 daniellebarker  staff     68886528 Oct  7 10:23 carterkuiper_1000_lora_f32.ckpt
-rw-r--r--@  1 daniellebarker  staff     68886528 Oct  7 10:32 carterkuiper_1250_lora_f32.ckpt
-rw-r--r--@  1 daniellebarker  staff     68886528 Oct  7 10:41 carterkuiper_1500_lora_f32.ckpt
-rw-r--r--@  1 daniellebarker  staff     68886528 Oct  7 10:50 carterkuiper_1750_lora_f32.ckpt
-rw-r--r--@  1 daniellebarker  staff     68886528 Oct  7 10:59 carterkuiper_2000_lora_f32.ckpt
-rw-r--r--@  1 daniellebarker  staff     68886528 Oct  7 09:53 carterkuiper_250_lora_f32.ckpt
-rw-r--r--@  1 daniellebarker  staff     68886528 Oct  7 10:04 carterkuiper_500_lora_f32.ckpt
-rw-r--r--@  1 daniellebarker  staff     68886528 Oct  7 10:14 carterkuiper_750_lora_f32.ckpt
-rw-r--r--@  1 daniellebarker  staff         4096 Dec 27 05:15 cats_who_smoke_v1_lora_f16.ckpt
-rw-------@  1 daniellebarker  staff    352055296 Dec 27 03:31 ccxl_mucha_art_style_lora_f16.ckpt
-rw-r--r--@  1 daniellebarker  staff    202620928 Dec 11 21:37 cephalyraflux_lora_f16.ckpt
-rw-------@  1 daniellebarker  staff        32768 Aug 16 12:04 charturner_v2_ti_f16.ckpt
-rw-------@  1 daniellebarker  staff       524288 Aug 22 05:22 chatglm3_6b_q6p_q8p.ckpt
-rw-------@  1 daniellebarker  staff        25136 Dec  6 17:43 chatglm3_6b_q6p_q8p.ckpt-journal
-rw-r--r--@  1 daniellebarker  staff   1270988800 Dec  6 17:44 chatglm3_6b_q6p_q8p.ckpt-tensordata
-rw-r--r--@  1 daniellebarker  staff    137453568 Sep 24 08:51 cherrybomb__1250_lora_f32.ckpt
-rw-r--r--@  1 daniellebarker  staff    137453568 Sep 24 09:01 cherrybomb__1500_lora_f32.ckpt
-rw-r--r--@  1 daniellebarker  staff    137453568 Sep 24 09:11 cherrybomb__1750_lora_f32.ckpt
-rw-r--r--@  1 daniellebarker  staff    202620928 Oct  4 02:53 cherryflux750_lora_f16.ckpt
-rw-------@  1 daniellebarker  staff        32768 Nov 22 17:18 cinemahelper_ti_f16.ckpt
-rw-------@  1 daniellebarker  staff        40960 Nov 22 17:18 classipeint_ti_f16.ckpt
-rw-------@  1 daniellebarker  staff    610385920 Aug 16 09:14 clip_vit_l14_vision_model_f16.ckpt
-rw-r--r--@  1 daniellebarker  staff      5529600 Sep 23 03:46 clothingadjuster3_lora_f16.ckpt
-rw-------@  1 daniellebarker  staff        16384 Nov 22 17:18 cloudport_v1.0_ti_f16.ckpt
-rw-------@  1 daniellebarker  staff    246517760 Dec  3 11:00 colorfulxl_v6.0_clip_vit_l14_f16.ckpt
-rw-------@  1 daniellebarker  staff   5141745664 Dec  3 10:58 colorfulxl_v6.0_f16.ckpt
-rw-------@  1 daniellebarker  staff   1391300608 Dec  3 11:00 colorfulxl_v6.0_open_clip_vit_bigg14_f16.ckpt
-rw-------@  1 daniellebarker  staff   1902637056 Dec 11 07:38 controlnet_alimama_inpaint_flux_1_dev_beta_q6p.ckpt
-rw-r--r--@  1 daniellebarker  staff    723558400 Dec 11 21:59 controlnet_colorbasedpicture_v10_f16.ckpt
-rw-------@  1 daniellebarker  staff    723558400 Sep 11 19:07 controlnet_depth_1.x_v1.1_f16.ckpt
-rw-r--r--@  1 daniellebarker  staff         8797 Sep 23 09:53 controlnet_inpaint_1.x_v1.1_f16.ckpt.part
-rw-------@  1 daniellebarker  staff    723558400 Sep 13 09:35 controlnet_ip2p_1.x_v1.1_f16.ckpt
-rw-------@  1 daniellebarker  staff   3417108480 Oct 29 06:58 controlnet_jasper_ai_upscaler_flux_1_dev_1.0_f16.ckpt
-rw-------@  1 daniellebarker  staff    723558400 Sep 11 17:56 controlnet_lineart_1.x_v1.1_f16.ckpt
-rw-------@  1 daniellebarker  staff    723558400 Sep 12 17:56 controlnet_openpose_1.x_v1.1_f16.ckpt
-rw-------@  1 daniellebarker  staff    723558400 Dec 11 07:45 controlnet_qr_code_monster_1.x_v2.0_f16.ckpt
-rw-r--r--@  1 daniellebarker  staff    723558400 Dec 11 21:59 controlnet_qrcodemonster_v20_f16.ckpt
-rw-r--r--@  1 daniellebarker  staff    723558400 Dec 11 22:20 controlnet_qrcodemonster_v20_scrib_f16.ckpt
-rw-r--r--@  1 daniellebarker  staff    723558400 Dec 11 22:19 controlnet_qrcodemonster_v20_unspec_f16.ckpt
-rw-------@  1 daniellebarker  staff    723558400 Sep 11 18:49 controlnet_scribble_1.x_v1.1_f16.ckpt
-rw-------@  1 daniellebarker  staff    723558400 Nov  4 06:06 controlnet_seg_1.x_v1.1_f16.ckpt
-rw-------@  1 daniellebarker  staff    723558400 Sep 12 01:24 controlnet_tile_1.x_v1.1_f16.ckpt
-rw-------@  1 daniellebarker  staff   2810982400 Nov 22 18:10 controlnet_union_pro_flux_1_dev_1.0_q5p.ckpt
-rw-------@  1 daniellebarker  staff   2516549632 Dec 11 08:00 controlnet_xinsir_union_promax_sdxl_1.0_f16.ckpt
-rw-r--r--@  1 daniellebarker  staff         4096 Dec 11 22:02 controlnetmyseelightanddark_04_lora_f16.ckpt
-rw-------@  1 daniellebarker  staff    154554368 Sep 11 19:02 crazy_expressions_lora_f16.ckpt
-rw-r--r--@  1 daniellebarker  staff    404426752 Oct  4 10:06 cuminator_000019_lora_f16.ckpt
-rw-r--r--@  1 daniellebarker  staff         3736 Dec 11 22:20 custom_controlnet.json
-rw-r--r--@  1 daniellebarker  staff        49014 Dec 27 05:21 custom_lora.json
-rw-r--r--@  1 daniellebarker  staff         5068 Nov 22 17:18 custom_textual_inversions.json
-rw-------@  1 daniellebarker  staff    246517760 Dec  3 10:41 cyberpunk_anime_clip_vit_l14_f16.ckpt
-rw-------@  1 daniellebarker  staff   1721266176 Dec  3 10:41 cyberpunk_anime_f16.ckpt
-rw-r--r--@  1 daniellebarker  staff    202616832 Oct  4 02:54 daniflux1000_lora_f16.ckpt
-rw-r--r--@  1 daniellebarker  staff    137453568 Sep 16 10:14 danilora_1500_lora_f32.ckpt
-rw-r--r--@  1 daniellebarker  staff        16384 Sep 25 00:34 dbinpaint
-rw-r--r--@  1 daniellebarker  staff        32768 Sep 25 00:34 dbinpaint-shm
-rw-r--r--@  1 daniellebarker  staff    137461760 Sep 25 00:34 dbinpaint_1500_lora_f32.ckpt
-rw-r--r--@  1 daniellebarker  staff    492974080 Sep 28 13:39 dbturbo_clip_vit_l14_f32.ckpt
-rw-r--r--@  1 daniellebarker  staff        32768 Sep 28 13:39 dbturbo_f32.ckpt-shm
-rw-r--r--@  1 daniellebarker  staff    407019520 Sep 28 00:04 dejb1sdxl_1000_lora_f32.ckpt
-rw-------@  1 daniellebarker  staff    246517760 Dec  3 10:33 deliberate_v2_clip_vit_l14_f16.ckpt
-rw-------@  1 daniellebarker  staff    820318208 Dec  3 10:33 deliberate_v2_q6p_q8p.ckpt
-rw-------@  1 daniellebarker  staff    669720576 Sep 11 19:09 depth_anything_v2.0_f16.ckpt
-rw-r--r--@  1 daniellebarker  staff    202620928 Nov 17 20:34 detailed_pussy_v3.1_lora_f16.ckpt
-rw-r--r--@  1 daniellebarker  staff     26116096 Dec 27 05:11 detailer_flux_v1_lora_f16.ckpt
-rw-r--r--@  1 daniellebarker  staff     26116096 Dec 27 05:12 detailifier_flux_000006_lora_f16.ckpt
-rw-r--r--@  1 daniellebarker  staff        16384 Sep 22 11:47 disclass
-rw-r--r--@  1 daniellebarker  staff        32768 Sep 22 11:47 disclass-shm
-rw-r--r--@  1 daniellebarker  staff        16384 Sep 22 15:55 disney classic
-rw-r--r--@  1 daniellebarker  staff        32768 Sep 22 15:55 disney classic-shm
-rw-r--r--@  1 daniellebarker  staff    158769152 Sep 22 15:55 disney_classic_2000_lora_f32.ckpt
-rw-r--r--@  1 daniellebarker  staff     32460800 Nov 19 21:23 disneystylesmallerv2_lora_f16.ckpt
-rw-r--r--@  1 daniellebarker  staff         4096 Nov 19 21:24 disneystylesmallerv2xl_lora_f16.ckpt
-rw-r--r--@  1 daniellebarker  staff    404426752 Dec 11 20:43 dissected_figures_flux_000010_lora_f16.ckpt
-rw-------@  1 daniellebarker  staff        28672 Nov 22 17:18 double_exposure_ti_f16.ckpt
-rw-r--r--@  1 daniellebarker  staff    202620928 Oct  4 02:54 dragon_lora_lora_f16.ckpt
-rw-------@  1 daniellebarker  staff        28672 Nov 22 17:18 drd_point_e_768_v_ti_f16.ckpt
-rw-r--r--@  1 daniellebarker  staff     26116096 Oct  4 10:43 dreamartfluxv1.0_lora_f16.ckpt
-rw-r--r--@  1 daniellebarker  staff     51331072 Dec 11 21:39 dummies__flux__lora_f16.ckpt
-rw-r--r--@  1 daniellebarker  staff     26116096 Dec 27 03:18 dwight_lora_f16.ckpt
-rw-------@  1 daniellebarker  staff        24576 Sep 13 20:40 easynegative_ti_f16.ckpt
-rw-r--r--@  1 daniellebarker  staff    222179328 Dec 11 21:36 envyfluxaetherglow01_lora_f16.ckpt
-rw-------@  1 daniellebarker  staff     84054016 Dec 27 03:33 epi_noiseoffset_v2_lora_f16.ckpt
-rw-r--r--@  1 daniellebarker  staff        16384 Oct 21 23:39 erinoffice
-rw-r--r--@  1 daniellebarker  staff        32768 Oct 21 23:39 erinoffice-shm
-rw-r--r--@  1 daniellebarker  staff     43433984 Oct 21 23:10 erinoffice_1600_lora_f32.ckpt
-rw-r--r--@  1 daniellebarker  staff     43433984 Oct 21 23:22 erinoffice_1800_lora_f32.ckpt
-rw-r--r--@  1 daniellebarker  staff     43433984 Oct 21 23:39 erinoffice_2000_lora_f32.ckpt
-rw-------@  1 daniellebarker  staff    610250752 Oct 14 02:54 eva02_clip_l14_336_f16.ckpt
-rw-r--r--@  1 daniellebarker  staff     90046464 Oct 29 22:57 eyes_000001_lora_f16.ckpt
-rw-r--r--@  1 daniellebarker  staff      2116255 Sep 26 20:41 ezgif.com-animated-gif-maker.gif
-rw-r--r--@  1 daniellebarker  staff       876596 Sep 26 15:32 ezgif.com-optimize.gif
-rw-r--r--@  1 daniellebarker  staff     77422592 Sep 23 00:59 f1ta___futanari_lora_f16.ckpt
-rw-r--r--@  1 daniellebarker  staff     37896441 Sep 22 18:39 facialized.safetensors
-rw-r--r--@  1 daniellebarker  staff     38866944 Sep 22 18:42 facialized_lora_f16.ckpt
-rw-r--r--@  1 daniellebarker  staff     30064640 Dec 11 18:21 faetasticdetails_flux_lora_f16.ckpt
-rw-------@  1 daniellebarker  staff       114688 Sep 18 19:44 fast_negative_ti_f16.ckpt
-rw-r--r--@  1 daniellebarker  staff    234532864 Dec 11 20:44 figures_and_busts_pony_xl_lora_f16.ckpt
-rw-r--r--@  1 daniellebarker  staff            0 Dec  8 07:18 figures_ttp_migration_f16.ckpt
-rw-r--r--@  1 daniellebarker  staff      9549295 Sep 22 18:33 flat_chest_v2.safetensors
-rw-r--r--@  1 daniellebarker  staff     10006528 Sep 22 18:34 flat_chest_v2_lora_f16.ckpt
-rw-------@  1 daniellebarker  staff    202620928 Dec  7 01:56 flux.1__dev__to__schnell__4_step_lora_f16.ckpt
-rw-------@  1 daniellebarker  staff    815071232 Dec  5 02:28 flux.1_turbo_alpha_lora_f16.ckpt
-rw-------@  1 daniellebarker  staff   9370173440 Dec  3 16:43 flux_1_depth_dev_q5p.ckpt
-rw-------@  1 daniellebarker  staff  12331282432 Dec  3 16:45 flux_1_depth_dev_q8p.ckpt
-rw-------@  1 daniellebarker  staff  12310405120 Dec  3 11:30 flux_1_dev_de_distill_q8p.ckpt
-rw-------@  1 daniellebarker  staff  23828987904 Dec  3 18:24 flux_1_dev_f16.ckpt
-rw-------@  1 daniellebarker  staff   9369780224 Dec  2 03:09 flux_1_dev_q5p.ckpt
-rw-------@  1 daniellebarker  staff  12330889216 Dec  2 02:10 flux_1_dev_q8p.ckpt
-rw-------@  1 daniellebarker  staff   9371738112 Dec  5 02:32 flux_1_fill_dev_q5p.ckpt
-rw-------@  1 daniellebarker  staff   9349296128 Oct  6 21:43 flux_1_schnell_q5p.ckpt
-rw-------@  1 daniellebarker  staff  12310405120 Dec  2 02:05 flux_1_schnell_q8p.ckpt
-rw-------@  1 daniellebarker  staff    167870464 Oct  2 06:54 flux_1_vae_f16.ckpt
-rw-r--r--@  1 daniellebarker  staff    404434944 Dec  6 14:23 flux_busty_lora_f16.ckpt
-rw-r--r--@  1 daniellebarker  staff         4096 Nov 20 09:09 flux_canny_lora_f16.ckpt
-rw-r--r--@  1 daniellebarker  staff    404430848 Dec  6 15:43 flux_detailed_perfection_lora_f16.ckpt
-rw-r--r--@  1 daniellebarker  staff    202620928 Oct  5 03:42 flux_egirl_lora_lora_f16.ckpt
-rw-r--r--@  1 daniellebarker  staff    404713472 Dec  6 21:56 flux_feet_lora_f16.ckpt
-rw-r--r--@  1 daniellebarker  staff    176439296 Nov 19 21:26 flux_glass_lora_f16.ckpt
-rw-r--r--@  1 daniellebarker  staff    202616832 Dec  6 14:18 flux_hourglass_lora_f16.ckpt
-rw-r--r--@  1 daniellebarker  staff    152326144 Oct  4 00:57 flux_hyper_lora_f16.ckpt
-rw-r--r--@  1 daniellebarker  staff     26112000 Dec  6 10:57 flux_my_pussy_lora_f16.ckpt
-rw-r--r--@  1 daniellebarker  staff     30064640 Dec  6 15:46 flux_realism_lora_f16.ckpt
-rw-r--r--@  1 daniellebarker  staff     26116096 Oct  5 02:17 fluxf4ngs_lora_f16.ckpt
-rw-r--r--@  1 daniellebarker  staff    202625024 Oct  3 21:39 fluxrealskin_v2_lora_f16.ckpt
-rw-r--r--@  1 daniellebarker  staff     90046464 Dec 11 20:44 fluxskirts_and_female_figures_000001_lora_f16.ckpt
-rw-------@  1 daniellebarker  staff   5141716992 Dec  3 17:08 fooocus_inpaint_sd_xl_v2.6_f16.ckpt
-rw-r--r--@  1 daniellebarker  staff    404430848 Dec 11 20:44 funko_pop_flux_lora_f16.ckpt
-rw-------@  1 daniellebarker  staff    154558464 Dec  3 21:00 haute_couture_or_gowns_v1.0_lora_f16.ckpt
-rw-------@  1 daniellebarker  staff     29483008 Sep 11 18:49 hed_f16.ckpt
-rw-------@  1 daniellebarker  staff    246517760 Dec  3 10:28 hna_3dkx_1.1_clip_vit_l14_f16.ckpt
-rw-------@  1 daniellebarker  staff   1721266176 Dec  3 10:27 hna_3dkx_1.1_f16.ckpt
-rw-r--r--@  1 daniellebarker  staff     26120192 Oct  4 11:19 horror_skeletons_lora_f16.ckpt
-rw-r--r--@  1 daniellebarker  staff     26116096 Oct 29 22:56 human_anatomy_000005_lora_f16.ckpt
-rw-r--r--@  1 daniellebarker  staff        32768 Nov 20 09:54 humanrealistic_f16.ckpt-shm
-rw-r--r--@  1 daniellebarker  staff     26116096 Oct  4 10:04 humeow_flux_lora_f16.ckpt
-rw-------@  1 daniellebarker  staff    815050752 Dec  5 02:27 hyper_flux.1__dev__16_step_lora_f16.ckpt
-rw-------@  1 daniellebarker  staff    815067136 Dec  5 02:27 hyper_flux.1__dev__8_step_lora_f16.ckpt
-rw-------@  1 daniellebarker  staff    283287552 Dec 27 03:38 hyper_sd3_4_step_cfg_lora_f16.ckpt
-rw-------@  1 daniellebarker  staff    136499200 Sep  7 07:28 hyper_sd_v1.x_8_step_lora_f16.ckpt
-rw-------@  1 daniellebarker  staff    405204992 Dec  6 17:46 hyper_sdxl_4_step_lora_f16.ckpt
-rw-r--r--@  1 daniellebarker  staff    808062976 Dec  8 07:24 icon_kit_lora_f16.ckpt
-rw-r--r--@  1 daniellebarker  staff     76541952 Sep 26 08:22 ikea_instructions_style_flux_lora_f16.ckpt
drwxr-xr-x  17 daniellebarker  staff          544 Sep 24 22:20 images
-rw-------@  1 daniellebarker  staff    202616832 Dec  6 17:30 in_context__couple_profile_lora_f16.ckpt
-rw-------@  1 daniellebarker  staff    202620928 Dec  6 17:31 in_context__film_storyboard_lora_f16.ckpt
-rw-------@  1 daniellebarker  staff    202616832 Dec  6 16:42 in_context__font_design_lora_f16.ckpt
-rw-------@  1 daniellebarker  staff    202616832 Dec  6 17:30 in_context__home_decoration_lora_f16.ckpt
-rw-------@  1 daniellebarker  staff    202625024 Dec  6 17:31 in_context__portrait_illustration_lora_f16.ckpt
-rw-------@  1 daniellebarker  staff    202616832 Dec  6 16:02 in_context__portrait_photography_lora_f16.ckpt
-rw-------@  1 daniellebarker  staff    202616832 Dec  6 16:05 in_context__ppt_templates_lora_f16.ckpt
-rw-------@  1 daniellebarker  staff    202620928 Dec  6 16:58 in_context__visual_identity_design_lora_f16.ckpt
-rw-r--r--@  1 daniellebarker  staff     26116096 Dec 11 18:21 incase_style_flux__cartoon__lora_f16.ckpt
-rw-r--r--@  1 daniellebarker  staff    154550272 Sep 23 00:55 innievag_lora_f16.ckpt
-rw-r--r--@  1 daniellebarker  staff         9665 Dec 11 08:05 ip_adapter_faceid_plus_kwai_kolors_1.0_clip_l14_336_f16.ckpt.part
-rw-------@  1 daniellebarker  staff     43655168 Dec 11 07:45 ip_adapter_full_face_sd_v1.x_open_clip_h14_f16.ckpt
-rw-------@  1 daniellebarker  staff     98312192 Dec 11 07:45 ip_adapter_plus_face_sd_v1.x_open_clip_h14_f16.ckpt
-rw-------@  1 daniellebarker  staff    848461824 Dec 11 07:46 ip_adapter_plus_face_xl_base_open_clip_h14_f16.ckpt
-rw-------@  1 daniellebarker  staff     98312192 Dec 11 07:45 ip_adapter_plus_sd_v1.x_open_clip_h14_f16.ckpt
-rw-------@  1 daniellebarker  staff     90742784 Sep 12 15:55 is_net_v1.1_fp16.ckpt
-rw-r--r--@  1 daniellebarker  staff        16384 Sep 28 10:13 ivankatrump1
-rw-r--r--@  1 daniellebarker  staff        32768 Sep 28 10:13 ivankatrump1-shm
-rw-r--r--@  1 daniellebarker  staff    137453568 Sep 28 10:03 ivankatrump1_1750_lora_f32.ckpt
-rw-r--r--@  1 daniellebarker  staff    137453568 Sep 28 10:13 ivankatrump1_2000_lora_f32.ckpt
-rw-r--r--@  1 daniellebarker  staff        16384 Oct 16 21:24 jesse-real
-rw-r--r--@  1 daniellebarker  staff        32768 Oct 16 21:24 jesse-real-shm
-rw-r--r--@  1 daniellebarker  staff     68886528 Oct 16 21:24 jesse_real_1500_lora_f32.ckpt
-rw-r--r--@  1 daniellebarker  staff         8803 Sep 27 05:44 juggernaut_xl_v9_f16.ckpt.part
-rw-r--r--@  1 daniellebarker  staff         9699 Sep 13 05:18 juggernaut_xl_v9_open_clip_vit_bigg14_f16.ckpt.part
-rw-r--r--@  1 daniellebarker  staff         4096 Nov 19 19:04 kimberlynobodysd15_lora_f16.ckpt
-rw-r--r--@  1 daniellebarker  staff        69632 Oct  5 13:30 kimberlynobodysd15_ti_f16.ckpt
-rw-------@  1 daniellebarker  staff        45056 Nov 22 17:18 knollingcase_v4_kc16_5000_ti_f16.ckpt
-rw-------@  1 daniellebarker  staff   2113376256 Nov 19 21:48 kwai_kolors_1.0_q6p_q8p.ckpt
-rw-r--r--@  1 daniellebarker  staff     52604928 Dec 12 16:06 latexhood_lora_f16.ckpt
-rw-------@  1 daniellebarker  staff        28672 Nov 22 17:18 laxpeint_v2_ti_f16.ckpt
-rw-------@  1 daniellebarker  staff    405204992 Dec  6 17:48 lcm_sd_xl_base_1.0_lora_f16.ckpt
-rw-r--r--@  1 daniellebarker  staff    202620928 Dec 11 21:35 loisgriffin_flux_v1_lora_f16.ckpt
-rw-r--r--@  1 daniellebarker  staff    158769152 Sep  4 01:36 lora_001_1000_lora_f32.ckpt
-rw-------@  1 daniellebarker  staff    246517760 Dec  3 10:35 lvngvncnt_v2_clip_vit_l14_f16.ckpt
-rw-------@  1 daniellebarker  staff   1721266176 Dec  3 10:35 lvngvncnt_v2_f16.ckpt
-rw-------@  1 daniellebarker  staff   1721257984 Dec  3 10:54 majicmix_realistic_v7_f16.ckpt
-rw-r--r--@  1 daniellebarker  staff    202616832 Oct  9 22:52 margo_purcell750_lora_f16.ckpt
-rw-r--r--@  1 daniellebarker  staff    404430848 Dec 11 21:34 mario_flux_1_lora_f16.ckpt
-rw-r--r--@  1 daniellebarker  staff     26112000 Dec 11 21:34 mario_flux_2_lora_f16.ckpt
-rw-r--r--@  1 daniellebarker  staff    808046592 Nov 19 21:25 mast_lora_f16.ckpt
-rw-r--r--@  1 daniellebarker  staff    808050688 Nov 19 21:25 mastxl_lora_f16.ckpt
-rw-r--r--@  1 daniellebarker  staff    202620928 Nov  2 00:56 meth_pipe_lora_f16.ckpt
-rw-r--r--@  1 daniellebarker  staff     38871040 Sep 24 22:55 microbikini_fefaaiart_lora_f16.ckpt
-rw-r--r--@  1 daniellebarker  staff    202620928 Dec 11 21:40 migration_lora_cloth_lora_f16.ckpt
-rw-r--r--@  1 daniellebarker  staff    202620928 Dec 26 19:29 mikeflux_lora_f16.ckpt
-rw-r--r--@  1 daniellebarker  staff    154550272 Sep 23 00:56 missionaryvaginal_v2_lora_f16.ckpt
-rw-r--r--@  1 daniellebarker  staff    117854208 Oct  5 02:13 mlpirl___my_little_pony_in_real_life_000009_lora_f16.ckpt
-rw-------@  1 daniellebarker  staff   1258229760 Dec 20 14:45 moondream2_q6p.ckpt
-rw-------@  1 daniellebarker  staff    154558464 Dec 27 03:29 moxin_shukezouma_v1.1_lora_f16.ckpt
-rw-------@  1 daniellebarker  staff    154554368 Dec 27 05:21 moxin_v1.0_lora_f16.ckpt
-rw-r--r--@  1 daniellebarker  staff        32768 Nov 20 09:13 my_little_pony_f16.ckpt-shm
-rw-r--r--@  1 daniellebarker  staff    222326784 Dec 27 05:15 naytlayt_v1_lora_f16.ckpt
-rw-------@  1 daniellebarker  staff        77824 Aug 16 12:04 negativexl_ti_f16.ckpt
-rw-r--r--@  1 daniellebarker  staff    202616832 Oct 29 22:57 nipples_texture_closeup_lora_f16.ckpt
-rw-------@  1 daniellebarker  staff    246517760 Dec  3 10:53 nitro_v1_clip_vit_l14_f16.ckpt
-rw-------@  1 daniellebarker  staff   1721266176 Dec  3 10:52 nitro_v1_f16.ckpt
-rw-r--r--@  1 daniellebarker  staff    808042496 Dec 11 18:20 nsfw_flux_lora_v1_lora_f16.ckpt
-rw-r--r--@  1 daniellebarker  staff     72359936 Dec 27 05:12 nudewoman_sd35_m_lora_v2_lora_f16.ckpt
-rw-r--r--@  1 daniellebarker  staff    467992576 Nov 19 21:27 nudify_flux_lite_lora_f16.ckpt
-rw-r--r--@  1 daniellebarker  staff    467988480 Nov 19 21:27 nudify_xl_lite_lora_f16.ckpt
-rw-r--r--@  1 daniellebarker  staff    154554368 Sep 22 18:15 oiled_skinv1_lora_f16.ckpt
-rw-r--r--@  1 daniellebarker  staff     77422592 Sep 23 00:56 onoff4_lora_f16.ckpt
-rw-------@  1 daniellebarker  staff   1716346880 Dec  3 21:02 ootd_garm_full_body_1.0_f16.ckpt
-rw-------@  1 daniellebarker  staff   1721274368 Dec  3 10:55 ootd_vton_full_body_1.0_f16.ckpt
-rw-------@  1 daniellebarker  staff   1391304704 Aug 17 14:46 open_clip_vit_bigg14_f16.ckpt
-rw-------@  1 daniellebarker  staff    682082304 Aug 17 12:02 open_clip_vit_h14_f16.ckpt
-rw-------@  1 daniellebarker  staff   1263398912 Sep  7 06:23 open_clip_vit_h14_vision_model_f16.ckpt
-rw-------@  1 daniellebarker  staff      2633728 Sep  7 06:23 open_clip_vit_h14_visual_proj_f16.ckpt
-rw-------@  1 daniellebarker  staff   2335154176 Dec 25 02:14 opt_2.7b_q6p.ckpt
-rw-r--r--@  1 daniellebarker  staff     22806528 Dec 11 18:27 packaged_action_flux_lora_f16.ckpt
-rw-r--r--@  1 daniellebarker  staff     77422592 Sep 23 00:57 pantpulldown_lora_f16.ckpt
-rw-------@  1 daniellebarker  staff        32768 Nov 22 17:18 parchart_ti_f16.ckpt
-rw-r--r--@  1 daniellebarker  staff     14475264 Dec 27 05:14 party_0000103m_lora_f16.ckpt
-rw-r--r--@  1 daniellebarker  staff     26116096 Dec 27 05:13 party_000010_flux_lora_f16.ckpt
-rw-r--r--@  1 daniellebarker  staff         4096 Dec 27 05:13 party_000010_lora_f16.ckpt
-rw-------@  1 daniellebarker  staff    127209472 Dec 27 03:34 pcm_sd3_4_step_lora_f16.ckpt
-rw-r--r--@  1 daniellebarker  staff     26116096 Oct 29 11:15 penis_worship_flux_lora_f16.ckpt
-rw-r--r--@  1 daniellebarker  staff    234536960 Nov 19 21:23 perfecteyesxl_lora_f16.ckpt
-rw-------@  1 daniellebarker  staff        28672 Aug 16 12:04 photohelper_ti_f16.ckpt
-rw-r--r--@  1 daniellebarker  staff    202620928 Nov  1 22:53 pierced_nipples_lora_f16.ckpt
-rw-------@  1 daniellebarker  staff       249856 Aug 16 00:21 pile_t5_xl_encoder_q8p.ckpt
-rw-r--r--@  1 daniellebarker  staff   1325793280 Aug 16 00:21 pile_t5_xl_encoder_q8p.ckpt-tensordata
-rw-------@  1 daniellebarker  staff   1224155136 Dec  2 02:01 pixart_sigma_xl_2_1024_ms_f16.ckpt
-rw-------@  1 daniellebarker  staff   1224155136 Dec  3 16:50 pixart_sigma_xl_2_512_ms_f16.ckpt
-rw-------@  1 daniellebarker  staff   5141745664 Dec  3 17:46 playground_v2.5_f16.ckpt
-rw-r--r--@  1 daniellebarker  staff     26120192 Nov  2 10:20 pokies_lora_f16.ckpt
-rw-r--r--@  1 daniellebarker  staff     51331072 Oct  5 02:15 ponygirl_lora_f16.ckpt
-rw-r--r--@  1 daniellebarker  staff    154554368 Sep 23 00:57 povblowjob_v3_lora_f16.ckpt
-rw-r--r--@  1 daniellebarker  staff     26112000 Dec 11 21:38 preggo_lora_f16.ckpt
-rw-r--r--@  1 daniellebarker  staff    234536960 Nov 19 21:25 princess_flux_v2_lora_f16.ckpt
-rw-r--r--@  1 daniellebarker  staff    234532864 Nov 19 21:25 princess_xl_v2_lora_f16.ckpt
-rw-------@  1 daniellebarker  staff   1143619584 Nov 18 15:48 pulid_0.9.1_eva02_clip_l14_336_f16.ckpt
-rw-------@  1 daniellebarker  staff   1143619584 Oct 14 02:53 pulid_0.9_eva02_clip_l14_336_f16.ckpt
-rw-------@  1 daniellebarker  staff        12288 Aug 16 12:04 pure_eros_ti_f16.ckpt
-rw-r--r--@  1 daniellebarker  staff     26116096 Dec 11 21:37 pvc_nsfw_tentacles_lora_f16.ckpt
-rw-r--r--@  1 daniellebarker  staff    154554368 Sep 23 00:59 quiron_transexreversecowgirl_v4_lora_lora_f16.ckpt
-rw-r--r--@  1 daniellebarker  staff    154550272 Sep 23 00:58 quiron_transexstyle_v7_lora_lora_f16.ckpt
-rw-------@  1 daniellebarker  staff     33710080 Sep 28 13:31 realesrgan_x2plus_f16.ckpt
-rw-r--r--@  1 daniellebarker  staff    246513664 Dec  7 15:03 realism_realism_clip_vit_l14_f16.ckpt
-rw-r--r--@  1 daniellebarker  staff   1721266176 Dec  7 15:03 realism_realism_f16.ckpt
-rw-r--r--@  1 daniellebarker  staff        32768 Dec  7 15:03 realism_realism_f16.ckpt-shm
-rw-r--r--@  1 daniellebarker  staff     22806528 Dec 11 21:38 realistic_mtf_trans_lora_f16.ckpt
-rw-------@  1 daniellebarker  staff    246517760 Aug 16 00:38 realistic_vision_v5.1_clip_vit_l14_f16.ckpt
-rw-------@  1 daniellebarker  staff   1721257984 Aug 29 22:17 realistic_vision_v5.1_f16.ckpt
-rw-r--r--@  1 daniellebarker  staff     26112000 Dec 11 21:36 realtattoos_flux_lora_f16.ckpt
-rw-r--r--@  1 daniellebarker  staff         4096 Nov 19 19:19 realvisionbabes_v10_lora_f16.ckpt
-rw-r--r--@  1 daniellebarker  staff    202620928 Nov 17 20:06 reddit_nudes_v1_lora_f16.ckpt
-rw-r--r--@  1 daniellebarker  staff    101756928 Dec 11 18:20 round_ass_flux_lora_f16.ckpt
-rw-------@  1 daniellebarker  staff    133574656 Sep 23 09:49 schp_atr_fp16.ckpt
-rw-------@  1 daniellebarker  staff    133578752 Sep 23 09:49 schp_lip_fp16.ckpt
-rw-------@  1 daniellebarker  staff        28672 Aug 16 12:04 sd2_papercut_ti_f16.ckpt
-rw-------@  1 daniellebarker  staff  16309780480 Dec  3 17:35 sd3_large_3.5_f16.ckpt
-rw-------@  1 daniellebarker  staff   8526135296 Dec  3 17:26 sd3_large_3.5_q8p.ckpt
-rw-------@  1 daniellebarker  staff   8526135296 Dec  3 17:23 sd3_large_turbo_3.5_q8p.ckpt
-rw-------@  1 daniellebarker  staff    167870464 Dec  3 17:23 sd3_vae_f16.ckpt
-rw-------@  1 daniellebarker  staff   1721294848 Sep 18 10:41 sd_v1.5_inpainting_f16.ckpt
-rw-------@  1 daniellebarker  staff   1734082560 Dec  3 17:16 sd_v2.0_depth_f16.ckpt
-rw-------@  1 daniellebarker  staff   5141745664 Dec  3 17:04 sd_xl_base_1.0_f16.ckpt
-rw-------@  1 daniellebarker  staff   4524371968 Dec  3 17:06 sd_xl_refiner_1.0_f16.ckpt
-rw-------@  1 daniellebarker  staff   2099687424 Dec  6 17:50 sd_xl_turbo_q6p_q8p.ckpt
-rw-r--r--@  1 daniellebarker  staff    176435200 Nov 19 21:26 sdxl_glass_lora_f16.ckpt
-rw-r--r--@  1 daniellebarker  staff    176435200 Nov 19 21:26 sdxl_glassxl_lora_f16.ckpt
-rw-------@  1 daniellebarker  staff    184590336 Sep 12 01:25 sdxl_render_v2.0_lora_f16.ckpt
-rw-------@  1 daniellebarker  staff    167534592 Aug 15 22:40 sdxl_vae_v1.0_f16.ckpt
-rw-r--r--@  1 daniellebarker  staff     26112000 Dec 11 21:36 see_through_clothes_flux_lora_f16.ckpt
-rw-r--r--@  1 daniellebarker  staff     26116096 Nov 21 18:12 send_nudes_v3_epoch_11_lora_f16.ckpt
-rw-------@  1 daniellebarker  staff    427065344 Aug 16 09:13 siglip_384_q8p.ckpt
-rw-r--r--@  1 daniellebarker  staff    101756928 Oct  5 02:12 simpsons_lora_flux_learning_rate_2_lora_f16.ckpt
-rw-r--r--@  1 daniellebarker  staff    101761024 Nov 19 21:24 simpsons_lora_xl_lora_f16.ckpt
-rw-r--r--@  1 daniellebarker  staff     26112000 Dec 27 03:18 skinny_pete_lora_f16.ckpt
-rw-r--r--@  1 daniellebarker  staff    202620928 Dec 11 21:38 spanking_flux_d_1_lora_f16.ckpt
-rw-r--r--@  1 daniellebarker  staff    137453568 Sep 20 18:05 spidermike_2000_lora_f32.ckpt
-rw-------@  1 daniellebarker  staff   2666225664 Dec  3 11:05 ssd_1b_f16.ckpt
-rw-r--r--@  1 daniellebarker  staff   1615912960 Dec 11 21:36 super_mario_odyssey_lora_f16.ckpt
-rw-------@  1 daniellebarker  staff      9732096 Dec  6 17:33 surprised_look_slider_lora_f16.ckpt
-rw-------@  1 daniellebarker  staff   2955182080 Dec  3 17:52 svd_i2v_1.0_f16.ckpt
-rw-------@  1 daniellebarker  staff   1525776384 Dec  3 11:13 svd_i2v_xt_1.1_q6p_q8p.ckpt
-rw-------@  1 daniellebarker  staff     37449728 Sep 12 21:31 t2iadapter_color_1.x_f16.ckpt
-rw-------@  1 daniellebarker  staff       466944 Sep 21 17:05 t5_xxl_encoder_f16.ckpt
-rw-------@  1 daniellebarker  staff       360448 Oct  2 07:51 t5_xxl_encoder_q6p.ckpt
-rw-r--r--@  1 daniellebarker  staff   3880796160 Oct  2 07:51 t5_xxl_encoder_q6p.ckpt-tensordata
-rw-r--r--@  1 daniellebarker  staff    154554368 Oct  3 21:53 talojivaultsuit_lora_f16.ckpt
-rw-------@  1 daniellebarker  staff    136503296 Sep 12 01:25 tcd_sd_v1.5_lora_f16.ckpt
-rw-r--r--@  1 daniellebarker  staff     90046464 Dec 11 21:37 tentacle_real_000001_lora_f16.ckpt
-rw-r--r--@  1 daniellebarker  staff    202620928 Nov 21 18:12 tgirlslatest_000019_lora_f16.ckpt
-rw-------@  1 daniellebarker  staff    174321664 Dec  4 04:13 theovercomer8s_contrast_fix_sd_v2.x_lora_f16.ckpt
-rw-r--r--@  1 daniellebarker  staff     11837440 Nov 19 21:28 tim_burton_flux_lora_f16.ckpt
-rw-r--r--@  1 daniellebarker  staff         4096 Nov 19 21:28 tim_burton_lora_f16.ckpt
-rw-r--r--@  1 daniellebarker  staff     90046464 Nov 19 21:23 tim_burton_style_fx_000001_lora_f16.ckpt
-rw-r--r--@  1 daniellebarker  staff    101756928 Oct  4 10:05 tinkerbellv2_flux_lora_f16.ckpt
-rw-r--r--@  1 daniellebarker  staff     51331072 Nov 19 19:06 tongue_out_cum_in_mouth_000005_lora_f16.ckpt
-rw-r--r--@  1 daniellebarker  staff    315269120 Sep 23 00:58 transparent_clothes_fefaaiart_lora_f16.ckpt
-rw-r--r--@  1 daniellebarker  staff    234528768 Sep 23 00:58 transparent_tentacles_lora_f16.ckpt
-rw-r--r--@  1 daniellebarker  staff    234532864 Oct  4 10:57 tranzp_sdxl_lora_f16.ckpt
-rw-------@  1 daniellebarker  staff    246517760 Dec  3 10:39 trnlgcy_clip_vit_l14_f16.ckpt
-rw-------@  1 daniellebarker  staff   1721274368 Dec  3 10:39 trnlgcy_f16.ckpt
-rw-r--r--@  1 daniellebarker  staff            0 Dec  8 07:20 ttp2_f16.ckpt
-rw-r--r--@  1 daniellebarker  staff            0 Dec  8 07:20 ttp3_f16.ckpt
-rw-r--r--@  1 daniellebarker  staff            0 Dec  8 07:20 ttp_f16.ckpt
-rw-r--r--@  1 daniellebarker  staff     26116096 Dec 11 22:02 uglyfier_flux_lora_f16.ckpt
-rw-r--r--@  1 daniellebarker  staff    776859648 Dec 27 05:14 ultrareal_lora_f16.ckpt
-rw-r--r--@  1 daniellebarker  staff   1413963776 Nov 17 20:07 ultrarealphoto_lora_f16.ckpt
-rw-------@  1 daniellebarker  staff        65536 Sep 18 19:12 unaestheticxl_alb2_ti_f16.ckpt
-rw-r--r--@  1 daniellebarker  staff     90046464 Oct  4 10:07 undressing_flux_v3_lora_f16.ckpt
-rw-------@  1 daniellebarker  staff        20480 Sep 18 19:11 v2_dreamink_ti_f16.ckpt
-rw-r--r--@  1 daniellebarker  staff    137453568 Sep 21 09:45 velo_2000_lora_f32.ckpt
-rw-------@  1 daniellebarker  staff        28672 Aug 16 12:04 vintagehelper_ti_f16.ckpt
-rw-r--r--@  1 daniellebarker  staff    202620928 Dec 27 03:17 walterwhite_tok_flux_v1_lora_f16.ckpt
-rw-------@  1 daniellebarker  staff      9736192 Dec  6 17:34 weight_slider_lora_f16.ckpt
-rw-------@  1 daniellebarker  staff     36880384 Dec  3 17:40 wurstchen_3.0_stage_a_hq_f16.ckpt
-rw-------@  1 daniellebarker  staff   3130765312 Dec  3 17:42 wurstchen_3.0_stage_b_f16.ckpt
-rw-------@  1 daniellebarker  staff   7234457600 Dec  3 17:40 wurstchen_3.0_stage_c_f32_f16.ckpt
